<?xml version="1.0" encoding="utf-8"?><testsuites name="pytest tests"><testsuite name="pytest" errors="0" failures="0" skipped="0" tests="7" time="1.082" timestamp="2026-08-20T16:40:48.918081+00:00" hostname="agent-env-a128f6ca-207d-4670-aafc-52812fb6923e"><testcase classname="tests.test_admin_media_reply.TestHealth" name="test_health" time="0.167" /><testcase classname="tests.test_admin_media_reply.TestAdminMediaReply" name="test_endpoint_pass_and_all_checks" time="0.076" /><testcase classname="tests.test_admin_media_reply.TestAdminMediaReply" name="test_case_modes_and_targets" time="0.078" /><testcase classname="tests.test_admin_media_reply.TestAdminMediaReply" name="test_non_api_alias_not_exposed_externally" time="0.083" /><testcase classname="tests.test_admin_media_reply.TestAdminMediaReply" name="test_idempotent_repeat" time="0.231" /><testcase classname="tests.test_admin_media_reply.TestAdjacentRegressions" name="test_stale_wallet_tap" time="0.302" /><testcase classname="tests.test_admin_media_reply.TestAdjacentRegressions" name="test_support_routing" time="0.074" /></testsuite></testsuites>