<?xml version="1.0" encoding="utf-8"?><testsuites name="pytest tests"><testsuite name="pytest" errors="0" failures="0" skipped="0" tests="7" time="1.032" timestamp="2026-08-20T18:15:46.726069+00:00" hostname="agent-env-a128f6ca-207d-4670-aafc-52812fb6923e"><testcase classname="tests.test_cron_init_alert" name="test_cron_init_alert_test_endpoint" time="0.399" /><testcase classname="tests.test_cron_init_alert" name="test_cron_init_alert_idempotent" time="0.081" /><testcase classname="tests.test_cron_init_alert" name="test_regression_dev_endpoints[/api/dev/admin-media-confirm-test]" time="0.127" /><testcase classname="tests.test_cron_init_alert" name="test_regression_dev_endpoints[/api/dev/escalation-alert-plan-test]" time="0.074" /><testcase classname="tests.test_cron_init_alert" name="test_regression_dev_endpoints[/api/dev/promo-cadence-test]" time="0.073" /><testcase classname="tests.test_cron_init_alert" name="test_regression_dev_endpoints[/api/dev/admin-media-reply-test]" time="0.073" /><testcase classname="tests.test_cron_init_alert" name="test_health" time="0.075" /></testsuite></testsuites>