<?xml version="1.0" encoding="utf-8"?><testsuites name="pytest tests"><testsuite name="pytest" errors="0" failures="0" skipped="0" tests="7" time="6.082" timestamp="2026-08-08T00:28:06.997396+00:00" hostname="agent-env-390e6ff0-6afa-45a4-a8ca-64792be6b7f1"><testcase classname="backend.tests.test_dial_rate_guard" name="test_health" time="0.204" /><testcase classname="backend.tests.test_dial_rate_guard" name="test_dial_rate_guard" time="0.698" /><testcase classname="backend.tests.test_dial_rate_guard" name="test_ivr_rate_policy" time="1.168" /><testcase classname="backend.tests.test_dial_rate_guard" name="test_twilio_ivr_transfer_billing" time="1.159" /><testcase classname="backend.tests.test_dial_rate_guard" name="test_bulk_transfer_billing" time="1.434" /><testcase classname="backend.tests.test_dial_rate_guard" name="test_reconciler_widen" time="0.656" /><testcase classname="backend.tests.test_dial_rate_guard" name="test_call_reconciler" time="0.576" /></testsuite></testsuites>