<?xml version="1.0" encoding="utf-8"?><testsuites name="pytest tests"><testsuite name="pytest" errors="0" failures="0" skipped="0" tests="7" time="0.974" timestamp="2026-08-20T17:05:54.625922+00:00" hostname="agent-env-a128f6ca-207d-4670-aafc-52812fb6923e"><testcase classname="tests.test_admin_media_confirm_suite" name="test_health" time="0.354" /><testcase classname="tests.test_admin_media_confirm_suite" name="test_admin_media_reply" time="0.094" /><testcase classname="tests.test_admin_media_confirm_suite" name="test_admin_media_confirm" time="0.081" /><testcase classname="tests.test_admin_media_confirm_suite" name="test_escalation_alert_plan" time="0.080" /><testcase classname="tests.test_admin_media_confirm_suite" name="test_promo_cadence" time="0.084" /><testcase classname="tests.test_admin_media_confirm_suite" name="test_stale_wallet_tap" time="0.085" /><testcase classname="tests.test_admin_media_confirm_suite" name="test_support_routing" time="0.082" /></testsuite></testsuites>