<?xml version="1.0" encoding="utf-8"?><testsuites name="pytest tests"><testsuite name="pytest" errors="0" failures="0" skipped="0" tests="6" time="5.339" timestamp="2026-08-07T23:51:06.634477+00:00" hostname="agent-env-390e6ff0-6afa-45a4-a8ca-64792be6b7f1"><testcase classname="backend.tests.test_ivr_intl_rate_policy" name="test_health" time="0.268" /><testcase classname="backend.tests.test_ivr_intl_rate_policy" name="test_ivr_rate_policy" time="1.332" /><testcase classname="backend.tests.test_ivr_intl_rate_policy" name="test_twilio_ivr_transfer_billing" time="1.113" /><testcase classname="backend.tests.test_ivr_intl_rate_policy" name="test_bulk_transfer_billing" time="1.392" /><testcase classname="backend.tests.test_ivr_intl_rate_policy" name="test_reconciler_widen" time="0.579" /><testcase classname="backend.tests.test_ivr_intl_rate_policy" name="test_call_reconciler" time="0.486" /></testsuite></testsuites>