<?xml version="1.0" encoding="utf-8"?><testsuites name="pytest tests"><testsuite name="pytest" errors="0" failures="0" skipped="0" tests="39" time="426.238" timestamp="2026-05-30T21:17:36.237710+00:00" hostname="agent-env-db5aa4b0-6cd2-442b-97e8-1d49408888d7"><testcase classname="backend.tests.test_mysql_panel.TestLogin" name="test_login_success" time="0.185" /><testcase classname="backend.tests.test_mysql_panel.TestLogin" name="test_login_bad_pin" time="0.180" /><testcase classname="backend.tests.test_mysql_panel.TestAuthRequired" name="test_unauthenticated_rejected[GET-/mysql/databases-None]" time="0.140" /><testcase classname="backend.tests.test_mysql_panel.TestAuthRequired" name="test_unauthenticated_rejected[POST-/mysql/databases/create-body1]" time="0.132" /><testcase classname="backend.tests.test_mysql_panel.TestAuthRequired" name="test_unauthenticated_rejected[POST-/mysql/databases/delete-body2]" time="0.116" /><testcase classname="backend.tests.test_mysql_panel.TestAuthRequired" name="test_unauthenticated_rejected[GET-/mysql/users-None]" time="0.108" /><testcase classname="backend.tests.test_mysql_panel.TestAuthRequired" name="test_unauthenticated_rejected[POST-/mysql/users/create-body4]" time="0.110" /><testcase classname="backend.tests.test_mysql_panel.TestAuthRequired" name="test_unauthenticated_rejected[POST-/mysql/users/delete-body5]" time="0.111" /><testcase classname="backend.tests.test_mysql_panel.TestAuthRequired" name="test_unauthenticated_rejected[POST-/mysql/users/password-body6]" time="0.100" /><testcase classname="backend.tests.test_mysql_panel.TestAuthRequired" name="test_unauthenticated_rejected[POST-/mysql/privileges/grant-body7]" time="0.117" /><testcase classname="backend.tests.test_mysql_panel.TestAuthRequired" name="test_unauthenticated_rejected[POST-/mysql/privileges/revoke-body8]" time="0.142" /><testcase classname="backend.tests.test_mysql_panel.TestAuthRequired" name="test_unauthenticated_rejected[GET-/mysql/remote-hosts-None]" time="0.129" /><testcase classname="backend.tests.test_mysql_panel.TestAuthRequired" name="test_unauthenticated_rejected[POST-/mysql/remote-hosts/add-body10]" time="0.089" /><testcase classname="backend.tests.test_mysql_panel.TestAuthRequired" name="test_unauthenticated_rejected[POST-/mysql/remote-hosts/delete-body11]" time="0.106" /><testcase classname="backend.tests.test_mysql_panel.TestAuthRequired" name="test_unauthenticated_rejected[GET-/mysql/phpmyadmin-None]" time="0.106" /><testcase classname="backend.tests.test_mysql_panel.TestDatabases" name="test_list" time="30.294" /><testcase classname="backend.tests.test_mysql_panel.TestDatabases" name="test_create_missing_name" time="0.118" /><testcase classname="backend.tests.test_mysql_panel.TestDatabases" name="test_create_accepts_name" time="30.126" /><testcase classname="backend.tests.test_mysql_panel.TestDatabases" name="test_delete_missing_name" time="0.144" /><testcase classname="backend.tests.test_mysql_panel.TestDatabases" name="test_delete_accepts_name" time="30.138" /><testcase classname="backend.tests.test_mysql_panel.TestUsers" name="test_list" time="30.135" /><testcase classname="backend.tests.test_mysql_panel.TestUsers" name="test_create_validation" time="0.350" /><testcase classname="backend.tests.test_mysql_panel.TestUsers" name="test_create_accepts_valid" time="30.117" /><testcase classname="backend.tests.test_mysql_panel.TestUsers" name="test_delete_missing_name" time="0.195" /><testcase classname="backend.tests.test_mysql_panel.TestUsers" name="test_delete_accepts_name" time="30.121" /><testcase classname="backend.tests.test_mysql_panel.TestUsers" name="test_password_validation" time="0.324" /><testcase classname="backend.tests.test_mysql_panel.TestUsers" name="test_password_accepts_valid" time="30.134" /><testcase classname="backend.tests.test_mysql_panel.TestPrivileges" name="test_grant_missing" time="0.184" /><testcase classname="backend.tests.test_mysql_panel.TestPrivileges" name="test_grant_default_all" time="30.119" /><testcase classname="backend.tests.test_mysql_panel.TestPrivileges" name="test_grant_with_privs" time="30.230" /><testcase classname="backend.tests.test_mysql_panel.TestPrivileges" name="test_revoke_missing" time="0.153" /><testcase classname="backend.tests.test_mysql_panel.TestPrivileges" name="test_revoke_accepts" time="30.120" /><testcase classname="backend.tests.test_mysql_panel.TestRemoteHosts" name="test_list" time="30.237" /><testcase classname="backend.tests.test_mysql_panel.TestRemoteHosts" name="test_add_empty" time="0.305" /><testcase classname="backend.tests.test_mysql_panel.TestRemoteHosts" name="test_add_oversized" time="0.105" /><testcase classname="backend.tests.test_mysql_panel.TestRemoteHosts" name="test_add_valid" time="30.125" /><testcase classname="backend.tests.test_mysql_panel.TestRemoteHosts" name="test_delete_missing" time="0.223" /><testcase classname="backend.tests.test_mysql_panel.TestRemoteHosts" name="test_delete_accepts" time="30.129" /><testcase classname="backend.tests.test_mysql_panel.TestPhpMyAdmin" name="test_sso" time="30.149" /></testsuite></testsuites>