<?xml version="1.0" encoding="utf-8"?><testsuites name="pytest tests"><testsuite name="pytest" errors="0" failures="0" skipped="0" tests="6" time="8.936" timestamp="2026-08-10T04:57:35.999219+00:00" hostname="agent-env-a2f777ff-a60d-4c56-8acd-393af2558980"><testcase classname="backend.tests.test_phase2_ivr_voice" name="test_health" time="0.205" /><testcase classname="backend.tests.test_phase2_ivr_voice" name="test_outbound_menu_route" time="0.411" /><testcase classname="backend.tests.test_phase2_ivr_voice" name="test_ivr_parity_apply_template_nova" time="5.132" /><testcase classname="backend.tests.test_phase2_ivr_voice" name="test_regression_twilio_single_ivr_transfer_billing" time="1.237" /><testcase classname="backend.tests.test_phase2_ivr_voice" name="test_regression_bulk_transfer_billing" time="1.364" /><testcase classname="backend.tests.test_phase2_ivr_voice" name="test_regression_call_reconciler" time="0.479" /></testsuite></testsuites>