<?xml version="1.0" encoding="utf-8"?><testsuites name="pytest tests"><testsuite name="pytest" errors="0" failures="0" skipped="0" tests="14" time="2.197" timestamp="2026-03-23T23:59:37.874658+00:00" hostname="agent-env-b836d7f0-f9f8-41ce-8d80-a127be7324b4"><testcase classname="backend.tests.test_twilio_sip_bridge.TestHealthAndConnectivity" name="test_api_health" time="0.268" /><testcase classname="backend.tests.test_twilio_sip_bridge.TestUserPhoneConfiguration" name="test_user_exists" time="0.650" /><testcase classname="backend.tests.test_twilio_sip_bridge.TestUserPhoneConfiguration" name="test_twilio_number_configured" time="0.107" /><testcase classname="backend.tests.test_twilio_sip_bridge.TestUserPhoneConfiguration" name="test_sub_account_credentials_present" time="0.107" /><testcase classname="backend.tests.test_twilio_sip_bridge.TestUserPhoneConfiguration" name="test_sip_credentials_configured" time="0.107" /><testcase classname="backend.tests.test_twilio_sip_bridge.TestTwilioSipVoiceWebhook" name="test_sip_voice_endpoint_exists" time="0.296" /><testcase classname="backend.tests.test_twilio_sip_bridge.TestTwilioSipVoiceWebhook" name="test_bridge_call_expired_session" time="0.116" /><testcase classname="backend.tests.test_twilio_sip_bridge.TestTwilioVoiceWebhook" name="test_voice_webhook_endpoint_exists" time="0.289" /><testcase classname="backend.tests.test_twilio_sip_bridge.TestCodeReview" name="test_answer_call_timing_in_voice_service" time="0.001" /><testcase classname="backend.tests.test_twilio_sip_bridge.TestCodeReview" name="test_ip_acl_configuration_in_twilio_service" time="0.000" /><testcase classname="backend.tests.test_twilio_sip_bridge.TestCodeReview" name="test_credential_recovery_in_voice_service" time="0.001" /><testcase classname="backend.tests.test_twilio_sip_bridge.TestCodeReview" name="test_ani_restore_in_voice_service" time="0.001" /><testcase classname="backend.tests.test_twilio_sip_bridge.TestTelnyxConfiguration" name="test_telnyx_env_vars_in_dotenv" time="0.000" /><testcase classname="backend.tests.test_twilio_sip_bridge.TestTwilioConfiguration" name="test_twilio_env_vars_in_dotenv" time="0.107" /></testsuite></testsuites>