<?xml version="1.0" encoding="utf-8"?><testsuites name="pytest tests"><testsuite name="pytest" errors="0" failures="0" skipped="0" tests="16" time="2.729" timestamp="2026-04-29T13:27:17.190285+00:00" hostname="agent-env-dce8f195-2306-4795-bdaf-5724d2617503"><testcase classname="backend.tests.test_visitor_captcha_gold.TestLoginAndSession" name="test_gold_login" time="0.273" /><testcase classname="backend.tests.test_visitor_captcha_gold.TestLoginAndSession" name="test_prem_login" time="0.139" /><testcase classname="backend.tests.test_visitor_captcha_gold.TestLoginAndSession" name="test_login_wrong_pin" time="0.138" /><testcase classname="backend.tests.test_visitor_captcha_gold.TestLoginAndSession" name="test_session_authenticated" time="0.192" /><testcase classname="backend.tests.test_visitor_captcha_gold.TestLoginAndSession" name="test_session_unauth" time="0.051" /><testcase classname="backend.tests.test_visitor_captcha_gold.TestCaptchaStatus" name="test_gold_user_status_shape" time="0.059" /><testcase classname="backend.tests.test_visitor_captcha_gold.TestCaptchaStatus" name="test_premium_user_status_shape" time="0.192" /><testcase classname="backend.tests.test_visitor_captcha_gold.TestCaptchaToggleGate" name="test_premium_user_blocked" time="0.058" /><testcase classname="backend.tests.test_visitor_captcha_gold.TestCaptchaToggleGate" name="test_gold_foreign_domain_rejected" time="0.053" /><testcase classname="backend.tests.test_visitor_captcha_gold.TestCaptchaToggleGate" name="test_gold_invalid_body" time="0.053" /><testcase classname="backend.tests.test_visitor_captcha_gold.TestCaptchaToggleGate" name="test_gold_valid_domain_reaches_cloudflare_layer" time="0.141" /><testcase classname="backend.tests.test_visitor_captcha_gold.TestCaptchaToggleGate" name="test_gold_addon_domain_passes_ownership" time="0.085" /><testcase classname="backend.tests.test_visitor_captcha_gold.TestCaptchaToggleGate" name="test_unauth_blocked" time="0.051" /><testcase classname="backend.tests.test_visitor_captcha_gold.TestJsChallengeGoldGate" name="test_premium_blocked" time="0.056" /><testcase classname="backend.tests.test_visitor_captcha_gold.TestSecurityStatusShape" name="test_gold_status_includes_plan_fields" time="0.455" /><testcase classname="backend.tests.test_visitor_captcha_gold.TestSecurityStatusShape" name="test_premium_status_isgold_false" time="0.433" /></testsuite></testsuites>