<?xml version="1.0" encoding="utf-8"?><testsuites name="pytest tests"><testsuite name="pytest" errors="0" failures="0" skipped="0" tests="8" time="1.997" timestamp="2026-02-23T01:39:11.916562+00:00" hostname="agent-env-f7f5c8b0-2829-471a-a444-40d8209cbc90"><testcase classname="backend.tests.test_phone_test_api.TestPhoneTestCredentialsAPI" name="test_credentials_endpoint_returns_200" time="0.324" /><testcase classname="backend.tests.test_phone_test_api.TestPhoneTestCredentialsAPI" name="test_credentials_returns_valid_json" time="0.229" /><testcase classname="backend.tests.test_phone_test_api.TestPhoneTestCredentialsAPI" name="test_credentials_success_response_structure" time="0.222" /><testcase classname="backend.tests.test_phone_test_api.TestPhoneTestCredentialsAPI" name="test_sip_domain_is_speechcue" time="0.275" /><testcase classname="backend.tests.test_phone_test_api.TestPhoneTestCredentialsAPI" name="test_max_duration_is_60_seconds" time="0.268" /><testcase classname="backend.tests.test_phone_test_api.TestPhoneTestCredentialsAPI" name="test_calls_remaining_max_2" time="0.234" /><testcase classname="backend.tests.test_phone_test_api.TestPhoneTestPageRoutes" name="test_phone_test_page_accessible" time="0.208" /><testcase classname="backend.tests.test_phone_test_api.TestPhoneTestPageRoutes" name="test_root_page_accessible" time="0.133" /></testsuite></testsuites>