<?xml version="1.0" encoding="utf-8"?><testsuites name="pytest tests"><testsuite name="pytest" errors="0" failures="0" skipped="0" tests="36" time="0.943" timestamp="2026-04-16T16:10:23.438291+00:00" hostname="agent-env-e1b347eb-95fe-4877-a02f-a249907ad5bf"><testcase classname="backend.tests.test_ux_improvements.TestUtilityModulesImport" name="test_transaction_id_module" time="0.027" /><testcase classname="backend.tests.test_ux_improvements.TestUtilityModulesImport" name="test_improved_messages_module" time="0.025" /><testcase classname="backend.tests.test_ux_improvements.TestUtilityModulesImport" name="test_progress_tracker_module" time="0.026" /><testcase classname="backend.tests.test_ux_improvements.TestUtilityModulesImport" name="test_error_handler_module" time="0.025" /><testcase classname="backend.tests.test_ux_improvements.TestUtilityModulesImport" name="test_order_history_module" time="0.071" /><testcase classname="backend.tests.test_ux_improvements.TestUtilityModulesImport" name="test_onboarding_module" time="0.025" /><testcase classname="backend.tests.test_ux_improvements.TestUtilityModulesImport" name="test_smart_recommendations_module" time="0.026" /><testcase classname="backend.tests.test_ux_improvements.TestUtilityModulesImport" name="test_dns_status_checker_module" time="0.071" /><testcase classname="backend.tests.test_ux_improvements.TestUtilityModulesImport" name="test_session_recovery_module" time="0.027" /><testcase classname="backend.tests.test_ux_improvements.TestUtilityModulesImport" name="test_timeout_constants_module" time="0.024" /><testcase classname="backend.tests.test_ux_improvements.TestUtilityModulesImport" name="test_retry_logic_module" time="0.026" /><testcase classname="backend.tests.test_ux_improvements.TestTransactionIdFormat" name="test_transaction_id_format" time="0.028" /><testcase classname="backend.tests.test_ux_improvements.TestImprovedBalanceMessages" name="test_insufficient_balance_message_format" time="0.026" /><testcase classname="backend.tests.test_ux_improvements.TestImprovedBalanceMessages" name="test_insufficient_balance_multilingual" time="0.106" /><testcase classname="backend.tests.test_ux_improvements.TestPhoneVerificationStatus" name="test_phone_verification_message_format" time="0.026" /><testcase classname="backend.tests.test_ux_improvements.TestSmartRecommendations" name="test_domain_recommendations" time="0.025" /><testcase classname="backend.tests.test_ux_improvements.TestProgressTracker" name="test_progress_tracker_creation" time="0.028" /><testcase classname="backend.tests.test_ux_improvements.TestDNSStatusChecker" name="test_dns_status_format" time="0.071" /><testcase classname="backend.tests.test_ux_improvements.TestSessionRecovery" name="test_resume_prompt_generation" time="0.028" /><testcase classname="backend.tests.test_ux_improvements.TestIndexJsIntegration" name="test_transaction_id_imported" time="0.008" /><testcase classname="backend.tests.test_ux_improvements.TestIndexJsIntegration" name="test_improved_messages_imported" time="0.008" /><testcase classname="backend.tests.test_ux_improvements.TestIndexJsIntegration" name="test_progress_tracker_imported" time="0.009" /><testcase classname="backend.tests.test_ux_improvements.TestIndexJsIntegration" name="test_error_handler_imported" time="0.010" /><testcase classname="backend.tests.test_ux_improvements.TestIndexJsIntegration" name="test_order_history_imported" time="0.009" /><testcase classname="backend.tests.test_ux_improvements.TestIndexJsIntegration" name="test_onboarding_imported" time="0.009" /><testcase classname="backend.tests.test_ux_improvements.TestIndexJsIntegration" name="test_smart_recommendations_imported" time="0.008" /><testcase classname="backend.tests.test_ux_improvements.TestIndexJsIntegration" name="test_dns_status_checker_imported" time="0.008" /><testcase classname="backend.tests.test_ux_improvements.TestIndexJsIntegration" name="test_session_recovery_imported" time="0.008" /><testcase classname="backend.tests.test_ux_improvements.TestTransactionIdInMessages" name="test_phone_wallet_purchase_has_txn_id" time="0.009" /><testcase classname="backend.tests.test_ux_improvements.TestTransactionIdInMessages" name="test_vps_purchase_has_txn_id" time="0.009" /><testcase classname="backend.tests.test_ux_improvements.TestTransactionIdInMessages" name="test_domain_purchase_has_txn_id" time="0.009" /><testcase classname="backend.tests.test_ux_improvements.TestTransactionIdInMessages" name="test_wallet_topup_has_txn_id" time="0.009" /><testcase classname="backend.tests.test_ux_improvements.TestErrorHandlerNotifications" name="test_email_validation_refund_notifies_admin" time="0.008" /><testcase classname="backend.tests.test_ux_improvements.TestErrorHandlerNotifications" name="test_anti_red_deployment_notifies_admin" time="0.008" /><testcase classname="backend.tests.test_ux_improvements.TestErrorHandlerNotifications" name="test_vps_cancel_notifies_admin" time="0.009" /><testcase classname="backend.tests.test_ux_improvements.TestHostingProgressTracker" name="test_hosting_flow_has_progress_tracker" time="0.000" /></testsuite></testsuites>