<?xml version="1.0" encoding="utf-8"?><testsuites name="pytest tests"><testsuite name="pytest" errors="0" failures="0" skipped="0" tests="5" time="3.399" timestamp="2026-08-07T23:27:47.057098+00:00" hostname="agent-env-390e6ff0-6afa-45a4-a8ca-64792be6b7f1"><testcase classname="backend.tests.test_reconciler_widen_and_bulk_transfer" name="test_health" time="0.224" /><testcase classname="backend.tests.test_reconciler_widen_and_bulk_transfer" name="test_reconciler_widen" time="0.591" /><testcase classname="backend.tests.test_reconciler_widen_and_bulk_transfer" name="test_bulk_transfer_billing" time="1.187" /><testcase classname="backend.tests.test_reconciler_widen_and_bulk_transfer" name="test_regression_call_reconciler" time="0.470" /><testcase classname="backend.tests.test_reconciler_widen_and_bulk_transfer" name="test_regression_ivr_transfer_billing" time="0.871" /></testsuite></testsuites>