<?xml version="1.0" encoding="utf-8"?><testsuites name="pytest tests"><testsuite name="pytest" errors="0" failures="0" skipped="0" tests="11" time="2.308" timestamp="2026-02-23T01:50:48.128939+00:00" hostname="agent-env-f7f5c8b0-2829-471a-a444-40d8209cbc90"><testcase classname="backend.tests.test_phone_test_otp_api.TestVerifyOtpEndpoint" name="test_verify_otp_with_invalid_otp_returns_401" time="0.365" /><testcase classname="backend.tests.test_phone_test_otp_api.TestVerifyOtpEndpoint" name="test_verify_otp_with_short_otp_returns_400" time="0.194" /><testcase classname="backend.tests.test_phone_test_otp_api.TestVerifyOtpEndpoint" name="test_verify_otp_with_long_otp_returns_400" time="0.158" /><testcase classname="backend.tests.test_phone_test_otp_api.TestVerifyOtpEndpoint" name="test_verify_otp_with_empty_otp_returns_400" time="0.203" /><testcase classname="backend.tests.test_phone_test_otp_api.TestVerifyOtpEndpoint" name="test_verify_otp_missing_otp_field_returns_400" time="0.121" /><testcase classname="backend.tests.test_phone_test_otp_api.TestVerifyOtpEndpoint" name="test_verify_otp_with_non_numeric_returns_400" time="0.241" /><testcase classname="backend.tests.test_phone_test_otp_api.TestVerifyOtpEndpoint" name="test_verify_otp_returns_json" time="0.278" /><testcase classname="backend.tests.test_phone_test_otp_api.TestVerifyOtpEndpoint" name="test_verify_otp_error_response_structure" time="0.282" /><testcase classname="backend.tests.test_phone_test_otp_api.TestOldCredentialsEndpointRemoved" name="test_old_credentials_endpoint_not_found" time="0.144" /><testcase classname="backend.tests.test_phone_test_otp_api.TestPhoneTestPageRoutes" name="test_phone_test_page_accessible" time="0.109" /><testcase classname="backend.tests.test_phone_test_otp_api.TestPhoneTestPageRoutes" name="test_root_page_accessible" time="0.152" /></testsuite></testsuites>