<?xml version="1.0" encoding="utf-8"?><testsuites name="pytest tests"><testsuite name="pytest" errors="0" failures="0" skipped="0" tests="4" time="1.254" timestamp="2026-05-02T08:50:13.129880+00:00" hostname="agent-env-bb342b1e-fe0e-4007-a06f-39ac0aed272a"><testcase classname="backend.tests.test_panel_rate_limit.TestPanelLoginRateLimit" name="test_attempts_remaining_decrements_then_locks" time="0.416" /><testcase classname="backend.tests.test_panel_rate_limit.TestPanelLoginRateLimit" name="test_lockout_is_per_username" time="0.386" /><testcase classname="backend.tests.test_panel_rate_limit.TestPanelLoginRateLimit" name="test_missing_credentials_returns_400_not_counted" time="0.135" /><testcase classname="backend.tests.test_panel_rate_limit.TestPanelLoginSuccess" name="test_goldtest_login_returns_token" time="0.191" /></testsuite></testsuites>