<?xml version="1.0" encoding="utf-8"?><testsuites name="pytest tests"><testsuite name="pytest" errors="0" failures="0" skipped="0" tests="8" time="1.679" timestamp="2026-02-23T02:01:24.408535+00:00" hostname="agent-env-f7f5c8b0-2829-471a-a444-40d8209cbc90"><testcase classname="backend.tests.test_phone_test_iteration3.TestPhoneTestOtpEndpoint" name="test_invalid_otp_returns_401_with_testsip_message" time="0.334" /><testcase classname="backend.tests.test_phone_test_iteration3.TestPhoneTestOtpEndpoint" name="test_short_otp_returns_400" time="0.148" /><testcase classname="backend.tests.test_phone_test_iteration3.TestPhoneTestOtpEndpoint" name="test_long_otp_returns_400" time="0.113" /><testcase classname="backend.tests.test_phone_test_iteration3.TestPhoneTestOtpEndpoint" name="test_empty_otp_returns_400" time="0.138" /><testcase classname="backend.tests.test_phone_test_iteration3.TestPhoneTestOtpEndpoint" name="test_missing_otp_returns_400" time="0.135" /><testcase classname="backend.tests.test_phone_test_iteration3.TestOldEndpointRemoved" name="test_old_sip_test_credentials_endpoint_removed" time="0.385" /><testcase classname="backend.tests.test_phone_test_iteration3.TestFileCleanup" name="test_siptest_js_file_deleted" time="0.000" /><testcase classname="backend.tests.test_phone_test_iteration3.TestExpiredOtp" name="test_expired_otp_returns_401_with_testsip_message" time="0.368" /></testsuite></testsuites>