<?xml version="1.0" encoding="utf-8"?><testsuites name="pytest tests"><testsuite name="pytest" errors="0" failures="0" skipped="0" tests="5" time="1.104" timestamp="2026-02-23T02:13:26.478283+00:00" hostname="agent-env-f7f5c8b0-2829-471a-a444-40d8209cbc90"><testcase classname="backend.tests.test_phone_test_iteration4.TestVerifyOtpEndpoint" name="test_invalid_otp_returns_401_with_testsip_message" time="0.260" /><testcase classname="backend.tests.test_phone_test_iteration4.TestVerifyOtpEndpoint" name="test_short_otp_returns_400" time="0.124" /><testcase classname="backend.tests.test_phone_test_iteration4.TestVerifyOtpEndpoint" name="test_empty_otp_returns_400" time="0.162" /><testcase classname="backend.tests.test_phone_test_iteration4.TestOldEndpointRemoved" name="test_old_endpoint_returns_404" time="0.378" /><testcase classname="backend.tests.test_phone_test_iteration4.TestFrontendLoads" name="test_phone_test_page_returns_200" time="0.126" /></testsuite></testsuites>