<?xml version="1.0" encoding="utf-8"?><testsuites name="pytest tests"><testsuite name="pytest" errors="0" failures="0" skipped="0" tests="8" time="7.501" timestamp="2026-08-08T00:39:20.556175+00:00" hostname="agent-env-390e6ff0-6afa-45a4-a8ca-64792be6b7f1"><testcase classname="backend.tests.test_rate_deck_sync" name="test_health" time="0.275" /><testcase classname="backend.tests.test_rate_deck_sync" name="test_rate_deck_sync" time="1.334" /><testcase classname="backend.tests.test_rate_deck_sync" name="test_regressions[/api/dev/dial-rate-guard-test]" time="0.689" /><testcase classname="backend.tests.test_rate_deck_sync" name="test_regressions[/api/dev/ivr-rate-policy-test]" time="1.170" /><testcase classname="backend.tests.test_rate_deck_sync" name="test_regressions[/api/dev/twilio-ivr-transfer-billing-test]" time="1.150" /><testcase classname="backend.tests.test_rate_deck_sync" name="test_regressions[/api/dev/bulk-transfer-billing-test]" time="1.483" /><testcase classname="backend.tests.test_rate_deck_sync" name="test_regressions[/api/dev/reconciler-widen-test]" time="0.661" /><testcase classname="backend.tests.test_rate_deck_sync" name="test_regressions[/api/dev/call-reconciler-test]" time="0.537" /></testsuite></testsuites>