<?xml version="1.0" encoding="utf-8"?><testsuites name="pytest tests"><testsuite name="pytest" errors="0" failures="0" skipped="0" tests="4" time="4.597" timestamp="2026-08-25T12:40:32.313298+00:00" hostname="agent-env-61f1ab1b-de5e-42f9-bda9-813fcb643786"><testcase classname="test_reports.test_smadav_prod_store_verify" name="test_store_config_bot_username" time="0.210" /><testcase classname="test_reports.test_smadav_prod_store_verify" name="test_store_plans" time="0.099" /><testcase classname="test_reports.test_smadav_prod_store_verify" name="test_store_health" time="0.099" /><testcase classname="test_reports.test_smadav_prod_store_verify" name="test_guest_checkout_returns_crypto_address" time="4.055" /></testsuite></testsuites>