<?xml version="1.0" encoding="utf-8"?><testsuites name="pytest tests"><testsuite name="pytest" errors="0" failures="0" skipped="0" tests="9" time="3.364" timestamp="2026-06-19T16:47:51.113459+00:00" hostname="agent-env-aa6bd42a-1713-486a-add0-b0218cbea2e7"><testcase classname="backend.tests.test_store_bot_login.TestStoreConfig" name="test_config_public_returns_bot_meta" time="0.183" /><testcase classname="backend.tests.test_store_bot_login.TestStoreConfig" name="test_config_no_auth_header" time="0.107" /><testcase classname="backend.tests.test_store_bot_login.TestStorePlansRegression" name="test_plans_still_returns" time="0.098" /><testcase classname="backend.tests.test_store_bot_login.TestBotLogin" name="test_empty_body_400" time="0.105" /><testcase classname="backend.tests.test_store_bot_login.TestBotLogin" name="test_garbage_token_401" time="0.108" /><testcase classname="backend.tests.test_store_bot_login.TestBotLogin" name="test_fresh_token_200_synthetic_email" time="1.010" /><testcase classname="backend.tests.test_store_bot_login.TestBotLogin" name="test_single_use_replay_401" time="1.055" /><testcase classname="backend.tests.test_store_bot_login.TestUnifiedLoginRegression" name="test_web_user_login" time="0.292" /><testcase classname="backend.tests.test_store_bot_login.TestUnifiedLoginRegression" name="test_panel_user_login" time="0.251" /></testsuite></testsuites>